<?xml version="1.0" encoding="UTF-8"?>
<testsuite name="org.poo.cb.TestEBankingApp" tests="10" skipped="0" failures="0" errors="0" timestamp="2024-02-07T19:56:23" hostname="ALEX" time="0.101">
  <properties/>
  <testcase name="testTheTest()" classname="org.poo.cb.TestEBankingApp" time="0.015"/>
  <testcase name="test1()" classname="org.poo.cb.TestEBankingApp" time="0.035"/>
  <testcase name="test2()" classname="org.poo.cb.TestEBankingApp" time="0.006"/>
  <testcase name="test3()" classname="org.poo.cb.TestEBankingApp" time="0.004"/>
  <testcase name="test4()" classname="org.poo.cb.TestEBankingApp" time="0.002"/>
  <testcase name="test5()" classname="org.poo.cb.TestEBankingApp" time="0.009"/>
  <testcase name="test6()" classname="org.poo.cb.TestEBankingApp" time="0.003"/>
  <testcase name="test7()" classname="org.poo.cb.TestEBankingApp" time="0.005"/>
  <testcase name="test8()" classname="org.poo.cb.TestEBankingApp" time="0.006"/>
  <testcase name="test9()" classname="org.poo.cb.TestEBankingApp" time="0.004"/>
  <system-out><![CDATA[]]></system-out>
  <system-err><![CDATA[]]></system-err>
</testsuite>
